[0.447s] DEBUG:colcon:Command line arguments: ['/usr/bin/colcon', 'build', '--symlink-install']
[0.447s] DEBUG:colcon:Parsed command line arguments: Namespace(log_base=None, log_level=None, verb_name='build', build_base='build', install_base='install', merge_install=False, symlink_install=True, test_result_base=None, continue_on_error=False, executor='parallel', parallel_workers=4, event_handlers=None, ignore_user_meta=False, metas=['./colcon.meta'], base_paths=['.'], packages_ignore=None, packages_ignore_regex=None, paths=None, packages_up_to=None, packages_up_to_regex=None, packages_above=None, packages_above_and_dependencies=None, packages_above_depth=None, packages_select_by_dep=None, packages_skip_by_dep=None, packages_skip_up_to=None, packages_select_build_failed=False, packages_skip_build_finished=False, packages_select_test_failures=False, packages_skip_test_passed=False, packages_select=None, packages_skip=None, packages_select_regex=None, packages_skip_regex=None, packages_start=None, packages_end=None, allow_overriding=[], cmake_args=None, cmake_target=None, cmake_target_skip_unavailable=False, cmake_clean_cache=False, cmake_clean_first=False, cmake_force_configure=False, ament_cmake_args=None, catkin_cmake_args=None, catkin_skip_building_tests=False, mixin_files=None, mixin=None, verb_parser=<colcon_mixin.mixin.mixin_argument.MixinArgumentDecorator object at 0xffff81949910>, verb_extension=<colcon_core.verb.build.BuildVerb object at 0xffff81af1760>, main=<bound method BuildVerb.main of <colcon_core.verb.build.BuildVerb object at 0xffff81af1760>>, mixin_verb=('build',))
[0.614s] Level 1:colcon.colcon_core.package_discovery:discover_packages(colcon_meta) check parameters
[0.615s] Level 1:colcon.colcon_core.package_discovery:discover_packages(recursive) check parameters
[0.615s] Level 1:colcon.colcon_core.package_discovery:discover_packages(ignore) check parameters
[0.615s] Level 1:colcon.colcon_core.package_discovery:discover_packages(path) check parameters
[0.615s] Level 1:colcon.colcon_core.package_discovery:discover_packages(colcon_meta) discover
[0.615s] Level 1:colcon.colcon_core.package_discovery:discover_packages(recursive) discover
[0.615s] INFO:colcon.colcon_core.package_discovery:Crawling recursively for packages in '/home/mypi4b/Zoba_ws'
[0.616s] Level 1:colcon.colcon_core.package_identification:_identify(.) by extensions ['ignore', 'ignore_ament_install']
[0.616s] Level 1:colcon.colcon_core.package_identification:_identify(.) by extension 'ignore'
[0.616s] Level 1:colcon.colcon_core.package_identification:_identify(.) by extension 'ignore_ament_install'
[0.617s] Level 1:colcon.colcon_core.package_identification:_identify(.) by extensions ['colcon_pkg']
[0.617s] Level 1:colcon.colcon_core.package_identification:_identify(.) by extension 'colcon_pkg'
[0.617s] Level 1:colcon.colcon_core.package_identification:_identify(.) by extensions ['colcon_meta']
[0.617s] Level 1:colcon.colcon_core.package_identification:_identify(.) by extension 'colcon_meta'
[0.617s] Level 1:colcon.colcon_core.package_identification:_identify(.) by extensions ['ros']
[0.617s] Level 1:colcon.colcon_core.package_identification:_identify(.) by extension 'ros'
[0.722s] Level 1:colcon.colcon_core.package_identification:_identify(.) by extensions ['cmake', 'python']
[0.722s] Level 1:colcon.colcon_core.package_identification:_identify(.) by extension 'cmake'
[0.723s] Level 1:colcon.colcon_core.package_identification:_identify(.) by extension 'python'
[0.723s] Level 1:colcon.colcon_core.package_identification:_identify(.) by extensions ['python_setup_py']
[0.723s] Level 1:colcon.colcon_core.package_identification:_identify(.) by extension 'python_setup_py'
[0.723s] Level 1:colcon.colcon_core.package_identification:_identify(build) by extensions ['ignore', 'ignore_ament_install']
[0.724s] Level 1:colcon.colcon_core.package_identification:_identify(build) by extension 'ignore'
[0.724s] Level 1:colcon.colcon_core.package_identification:_identify(build) ignored
[0.724s] Level 1:colcon.colcon_core.package_identification:_identify(install) by extensions ['ignore', 'ignore_ament_install']
[0.725s] Level 1:colcon.colcon_core.package_identification:_identify(install) by extension 'ignore'
[0.725s] Level 1:colcon.colcon_core.package_identification:_identify(install) ignored
[0.725s] Level 1:colcon.colcon_core.package_identification:_identify(log) by extensions ['ignore', 'ignore_ament_install']
[0.726s] Level 1:colcon.colcon_core.package_identification:_identify(log) by extension 'ignore'
[0.726s] Level 1:colcon.colcon_core.package_identification:_identify(log) ignored
[0.726s] Level 1:colcon.colcon_core.package_identification:_identify(src) by extensions ['ignore', 'ignore_ament_install']
[0.726s] Level 1:colcon.colcon_core.package_identification:_identify(src) by extension 'ignore'
[0.727s] Level 1:colcon.colcon_core.package_identification:_identify(src) by extension 'ignore_ament_install'
[0.727s] Level 1:colcon.colcon_core.package_identification:_identify(src) by extensions ['colcon_pkg']
[0.727s] Level 1:colcon.colcon_core.package_identification:_identify(src) by extension 'colcon_pkg'
[0.727s] Level 1:colcon.colcon_core.package_identification:_identify(src) by extensions ['colcon_meta']
[0.727s] Level 1:colcon.colcon_core.package_identification:_identify(src) by extension 'colcon_meta'
[0.727s] Level 1:colcon.colcon_core.package_identification:_identify(src) by extensions ['ros']
[0.727s] Level 1:colcon.colcon_core.package_identification:_identify(src) by extension 'ros'
[0.728s] Level 1:colcon.colcon_core.package_identification:_identify(src) by extensions ['cmake', 'python']
[0.728s] Level 1:colcon.colcon_core.package_identification:_identify(src) by extension 'cmake'
[0.728s] Level 1:colcon.colcon_core.package_identification:_identify(src) by extension 'python'
[0.728s] Level 1:colcon.colcon_core.package_identification:_identify(src) by extensions ['python_setup_py']
[0.728s] Level 1:colcon.colcon_core.package_identification:_identify(src) by extension 'python_setup_py'
[0.729s] Level 1:colcon.colcon_core.package_identification:_identify(src/image) by extensions ['ignore', 'ignore_ament_install']
[0.729s] Level 1:colcon.colcon_core.package_identification:_identify(src/image) by extension 'ignore'
[0.729s] Level 1:colcon.colcon_core.package_identification:_identify(src/image) by extension 'ignore_ament_install'
[0.729s] Level 1:colcon.colcon_core.package_identification:_identify(src/image) by extensions ['colcon_pkg']
[0.730s] Level 1:colcon.colcon_core.package_identification:_identify(src/image) by extension 'colcon_pkg'
[0.730s] Level 1:colcon.colcon_core.package_identification:_identify(src/image) by extensions ['colcon_meta']
[0.730s] Level 1:colcon.colcon_core.package_identification:_identify(src/image) by extension 'colcon_meta'
[0.730s] Level 1:colcon.colcon_core.package_identification:_identify(src/image) by extensions ['ros']
[0.730s] Level 1:colcon.colcon_core.package_identification:_identify(src/image) by extension 'ros'
[0.739s] DEBUG:colcon.colcon_core.package_identification:Package 'src/image' with type 'ros.ament_python' and name 'image'
[0.739s] Level 1:colcon.colcon_core.package_discovery:discover_packages(recursive) using defaults
[0.739s] Level 1:colcon.colcon_core.package_discovery:discover_packages(ignore) discover
[0.740s] Level 1:colcon.colcon_core.package_discovery:discover_packages(ignore) using defaults
[0.740s] Level 1:colcon.colcon_core.package_discovery:discover_packages(path) discover
[0.740s] Level 1:colcon.colcon_core.package_discovery:discover_packages(path) using defaults
[0.809s] Level 1:colcon.colcon_core.package_discovery:discover_packages(prefix_path) check parameters
[0.809s] Level 1:colcon.colcon_core.package_discovery:discover_packages(prefix_path) discover
[0.816s] DEBUG:colcon.colcon_installed_package_information.package_discovery:Found 1 installed packages in /home/mypi4b/Zoba_ws/install
[0.818s] DEBUG:colcon.colcon_installed_package_information.package_discovery:Found 1 installed packages in /home/mypi4b/Autonomous_Project/install
[0.826s] DEBUG:colcon.colcon_installed_package_information.package_discovery:Found 213 installed packages in /opt/ros/jazzy
[0.829s] Level 1:colcon.colcon_core.package_discovery:discover_packages(prefix_path) using defaults
[0.969s] Level 5:colcon.colcon_core.verb:set package 'image' build argument 'cmake_args' from command line to 'None'
[0.970s] Level 5:colcon.colcon_core.verb:set package 'image' build argument 'cmake_target' from command line to 'None'
[0.970s] Level 5:colcon.colcon_core.verb:set package 'image' build argument 'cmake_target_skip_unavailable' from command line to 'False'
[0.970s] Level 5:colcon.colcon_core.verb:set package 'image' build argument 'cmake_clean_cache' from command line to 'False'
[0.970s] Level 5:colcon.colcon_core.verb:set package 'image' build argument 'cmake_clean_first' from command line to 'False'
[0.970s] Level 5:colcon.colcon_core.verb:set package 'image' build argument 'cmake_force_configure' from command line to 'False'
[0.970s] Level 5:colcon.colcon_core.verb:set package 'image' build argument 'ament_cmake_args' from command line to 'None'
[0.970s] Level 5:colcon.colcon_core.verb:set package 'image' build argument 'catkin_cmake_args' from command line to 'None'
[0.970s] Level 5:colcon.colcon_core.verb:set package 'image' build argument 'catkin_skip_building_tests' from command line to 'False'
[0.970s] DEBUG:colcon.colcon_core.verb:Building package 'image' with the following arguments: {'ament_cmake_args': None, 'build_base': '/home/mypi4b/Zoba_ws/build/image', 'catkin_cmake_args': None, 'catkin_skip_building_tests': False, 'cmake_args': None, 'cmake_clean_cache': False, 'cmake_clean_first': False, 'cmake_force_configure': False, 'cmake_target': None, 'cmake_target_skip_unavailable': False, 'install_base': '/home/mypi4b/Zoba_ws/install/image', 'merge_install': False, 'path': '/home/mypi4b/Zoba_ws/src/image', 'symlink_install': True, 'test_result_base': None}
[0.971s] INFO:colcon.colcon_core.executor:Executing jobs using 'parallel' executor
[0.973s] DEBUG:colcon.colcon_parallel_executor.executor.parallel:run_until_complete
[0.975s] INFO:colcon.colcon_ros.task.ament_python.build:Building ROS package in '/home/mypi4b/Zoba_ws/src/image' with build type 'ament_python'
[0.975s] Level 1:colcon.colcon_core.shell:create_environment_hook('image', 'ament_prefix_path')
[0.984s] INFO:colcon.colcon_core.plugin_system:Skipping extension 'colcon_core.shell.bat': Not used on non-Windows systems
[0.985s] INFO:colcon.colcon_core.shell:Creating environment hook '/home/mypi4b/Zoba_ws/install/image/share/image/hook/ament_prefix_path.ps1'
[0.987s] INFO:colcon.colcon_core.shell:Creating environment descriptor '/home/mypi4b/Zoba_ws/install/image/share/image/hook/ament_prefix_path.dsv'
[0.989s] INFO:colcon.colcon_core.shell:Creating environment hook '/home/mypi4b/Zoba_ws/install/image/share/image/hook/ament_prefix_path.sh'
[0.994s] INFO:colcon.colcon_core.shell:Skip shell extension 'powershell' for command environment: Not usable outside of PowerShell
[0.994s] DEBUG:colcon.colcon_core.shell:Skip shell extension 'dsv' for command environment
[1.902s] INFO:colcon.colcon_core.task.python.build:Building Python package in '/home/mypi4b/Zoba_ws/src/image'
[1.902s] INFO:colcon.colcon_core.shell:Skip shell extension 'powershell' for command environment: Not usable outside of PowerShell
[1.902s] DEBUG:colcon.colcon_core.shell:Skip shell extension 'dsv' for command environment
[4.280s] DEBUG:colcon.colcon_core.event_handler.log_command:Invoking command in '/home/mypi4b/Zoba_ws/build/image': PYTHONPATH=/home/mypi4b/Zoba_ws/build/image/prefix_override:/usr/lib/python3/dist-packages/colcon_core/task/python/colcon_distutils_commands:/home/mypi4b/Zoba_ws/install/image/lib/python3.12/site-packages:${PYTHONPATH} /usr/bin/python3 -W ignore:setup.py install is deprecated -W ignore:easy_install command is deprecated setup.py develop --editable --build-directory /home/mypi4b/Zoba_ws/build/image/build --no-deps symlink_data
[6.880s] Level 1:colcon.colcon_core.shell:create_environment_hook('image', 'pythonpath_develop')
[6.881s] INFO:colcon.colcon_core.shell:Creating environment hook '/home/mypi4b/Zoba_ws/build/image/share/image/hook/pythonpath_develop.ps1'
[6.882s] DEBUG:colcon.colcon_core.event_handler.log_command:Invoked command in '/home/mypi4b/Zoba_ws/build/image' returned '0': PYTHONPATH=/home/mypi4b/Zoba_ws/build/image/prefix_override:/usr/lib/python3/dist-packages/colcon_core/task/python/colcon_distutils_commands:/home/mypi4b/Zoba_ws/install/image/lib/python3.12/site-packages:${PYTHONPATH} /usr/bin/python3 -W ignore:setup.py install is deprecated -W ignore:easy_install command is deprecated setup.py develop --editable --build-directory /home/mypi4b/Zoba_ws/build/image/build --no-deps symlink_data
[6.883s] INFO:colcon.colcon_core.shell:Creating environment descriptor '/home/mypi4b/Zoba_ws/build/image/share/image/hook/pythonpath_develop.dsv'
[6.885s] INFO:colcon.colcon_core.shell:Creating environment hook '/home/mypi4b/Zoba_ws/build/image/share/image/hook/pythonpath_develop.sh'
[6.897s] Level 1:colcon.colcon_core.environment:checking '/home/mypi4b/Zoba_ws/install/image' for CMake module files
[6.900s] Level 1:colcon.colcon_core.environment:checking '/home/mypi4b/Zoba_ws/install/image' for CMake config files
[6.904s] Level 1:colcon.colcon_core.environment:checking '/home/mypi4b/Zoba_ws/install/image/lib'
[6.904s] Level 1:colcon.colcon_core.environment:checking '/home/mypi4b/Zoba_ws/install/image/bin'
[6.904s] Level 1:colcon.colcon_core.environment:checking '/home/mypi4b/Zoba_ws/install/image/lib/pkgconfig/image.pc'
[6.905s] Level 1:colcon.colcon_core.environment:checking '/home/mypi4b/Zoba_ws/install/image/lib/python3.12/site-packages'
[6.906s] Level 1:colcon.colcon_core.shell:create_environment_hook('image', 'pythonpath')
[6.907s] INFO:colcon.colcon_core.shell:Creating environment hook '/home/mypi4b/Zoba_ws/install/image/share/image/hook/pythonpath.ps1'
[6.909s] INFO:colcon.colcon_core.shell:Creating environment descriptor '/home/mypi4b/Zoba_ws/install/image/share/image/hook/pythonpath.dsv'
[6.911s] INFO:colcon.colcon_core.shell:Creating environment hook '/home/mypi4b/Zoba_ws/install/image/share/image/hook/pythonpath.sh'
[6.914s] Level 1:colcon.colcon_core.environment:checking '/home/mypi4b/Zoba_ws/install/image/bin'
[6.914s] Level 1:colcon.colcon_core.environment:create_environment_scripts_only(image)
[6.915s] INFO:colcon.colcon_core.shell:Creating package script '/home/mypi4b/Zoba_ws/install/image/share/image/package.ps1'
[6.919s] INFO:colcon.colcon_core.shell:Creating package descriptor '/home/mypi4b/Zoba_ws/install/image/share/image/package.dsv'
[6.922s] INFO:colcon.colcon_core.shell:Creating package script '/home/mypi4b/Zoba_ws/install/image/share/image/package.sh'
[6.926s] INFO:colcon.colcon_core.shell:Creating package script '/home/mypi4b/Zoba_ws/install/image/share/image/package.bash'
[6.930s] INFO:colcon.colcon_core.shell:Creating package script '/home/mypi4b/Zoba_ws/install/image/share/image/package.zsh'
[6.933s] Level 1:colcon.colcon_core.environment:create_file_with_runtime_dependencies(/home/mypi4b/Zoba_ws/install/image/share/colcon-core/packages/image)
[6.934s] DEBUG:colcon.colcon_parallel_executor.executor.parallel:closing loop
[6.936s] DEBUG:colcon.colcon_parallel_executor.executor.parallel:loop closed
[6.937s] DEBUG:colcon.colcon_parallel_executor.executor.parallel:run_until_complete finished with '0'
[6.937s] DEBUG:colcon.colcon_core.event_reactor:joining thread
[6.959s] INFO:colcon.colcon_core.plugin_system:Skipping extension 'colcon_notification.desktop_notification.terminal_notifier': Not used on non-Darwin systems
[6.959s] INFO:colcon.colcon_core.plugin_system:Skipping extension 'colcon_notification.desktop_notification.win32': Not used on non-Windows systems
[6.959s] INFO:colcon.colcon_notification.desktop_notification:Sending desktop notification using 'notify2'
[6.979s] DEBUG:colcon.colcon_core.event_reactor:joined thread
[6.980s] INFO:colcon.colcon_core.shell:Creating prefix script '/home/mypi4b/Zoba_ws/install/local_setup.ps1'
[6.984s] INFO:colcon.colcon_core.shell:Creating prefix util module '/home/mypi4b/Zoba_ws/install/_local_setup_util_ps1.py'
[6.989s] INFO:colcon.colcon_core.shell:Creating prefix chain script '/home/mypi4b/Zoba_ws/install/setup.ps1'
[6.994s] INFO:colcon.colcon_core.shell:Creating prefix script '/home/mypi4b/Zoba_ws/install/local_setup.sh'
[6.996s] INFO:colcon.colcon_core.shell:Creating prefix util module '/home/mypi4b/Zoba_ws/install/_local_setup_util_sh.py'
[7.000s] INFO:colcon.colcon_core.shell:Creating prefix chain script '/home/mypi4b/Zoba_ws/install/setup.sh'
[7.005s] INFO:colcon.colcon_core.shell:Creating prefix script '/home/mypi4b/Zoba_ws/install/local_setup.bash'
[7.010s] INFO:colcon.colcon_core.shell:Creating prefix chain script '/home/mypi4b/Zoba_ws/install/setup.bash'
[7.015s] INFO:colcon.colcon_core.shell:Creating prefix script '/home/mypi4b/Zoba_ws/install/local_setup.zsh'
[7.017s] INFO:colcon.colcon_core.shell:Creating prefix chain script '/home/mypi4b/Zoba_ws/install/setup.zsh'
